{"/workspace/ci-milestone-project-2/assets/scripts/app.js": {"path":"/workspace/ci-milestone-project-2/assets/scripts/app.js","statementMap":{"0":{"start":{"line":7,"column":20},"end":{"line":12,"column":1}},"1":{"start":{"line":14,"column":12},"end":{"line":14,"column":13}},"2":{"start":{"line":15,"column":13},"end":{"line":15,"column":35}},"3":{"start":{"line":17,"column":11},"end":{"line":17,"column":42}},"4":{"start":{"line":18,"column":15},"end":{"line":18,"column":51}},"5":{"start":{"line":19,"column":21},"end":{"line":19,"column":53}},"6":{"start":{"line":20,"column":12},"end":{"line":20,"column":16}},"7":{"start":{"line":22,"column":12},"end":{"line":22,"column":49}},"8":{"start":{"line":23,"column":12},"end":{"line":23,"column":49}},"9":{"start":{"line":27,"column":18},"end":{"line":27,"column":22}},"10":{"start":{"line":28,"column":25},"end":{"line":28,"column":48}},"11":{"start":{"line":29,"column":24},"end":{"line":29,"column":47}},"12":{"start":{"line":30,"column":21},"end":{"line":30,"column":48}},"13":{"start":{"line":34,"column":4},"end":{"line":34,"column":27}},"14":{"start":{"line":35,"column":4},"end":{"line":35,"column":26}},"15":{"start":{"line":37,"column":4},"end":{"line":37,"column":17}},"16":{"start":{"line":38,"column":4},"end":{"line":38,"column":47}},"17":{"start":{"line":40,"column":4},"end":{"line":40,"column":47}},"18":{"start":{"line":41,"column":4},"end":{"line":41,"column":47}},"19":{"start":{"line":45,"column":0},"end":{"line":45,"column":62}},"20":{"start":{"line":50,"column":4},"end":{"line":56,"column":5}},"21":{"start":{"line":50,"column":17},"end":{"line":50,"column":18}},"22":{"start":{"line":52,"column":21},"end":{"line":52,"column":50}},"23":{"start":{"line":53,"column":8},"end":{"line":53,"column":35}},"24":{"start":{"line":54,"column":8},"end":{"line":54,"column":35}},"25":{"start":{"line":55,"column":8},"end":{"line":55,"column":31}},"26":{"start":{"line":64,"column":4},"end":{"line":67,"column":7}},"27":{"start":{"line":66,"column":8},"end":{"line":66,"column":40}},"28":{"start":{"line":68,"column":23},"end":{"line":68,"column":52}},"29":{"start":{"line":69,"column":21},"end":{"line":69,"column":40}},"30":{"start":{"line":70,"column":4},"end":{"line":70,"column":39}},"31":{"start":{"line":71,"column":4},"end":{"line":71,"column":32}},"32":{"start":{"line":76,"column":4},"end":{"line":76,"column":34}},"33":{"start":{"line":77,"column":4},"end":{"line":77,"column":37}},"34":{"start":{"line":83,"column":4},"end":{"line":83,"column":13}},"35":{"start":{"line":84,"column":4},"end":{"line":84,"column":34}},"36":{"start":{"line":85,"column":4},"end":{"line":88,"column":5}},"37":{"start":{"line":86,"column":8},"end":{"line":86,"column":28}},"38":{"start":{"line":87,"column":8},"end":{"line":87,"column":19}},"39":{"start":{"line":93,"column":4},"end":{"line":93,"column":37}},"40":{"start":{"line":95,"column":4},"end":{"line":95,"column":12}},"41":{"start":{"line":96,"column":4},"end":{"line":96,"column":39}},"42":{"start":{"line":97,"column":4},"end":{"line":97,"column":23}},"43":{"start":{"line":100,"column":4},"end":{"line":100,"column":64}},"44":{"start":{"line":101,"column":4},"end":{"line":101,"column":70}},"45":{"start":{"line":107,"column":4},"end":{"line":114,"column":7}},"46":{"start":{"line":108,"column":8},"end":{"line":113,"column":11}},"47":{"start":{"line":110,"column":12},"end":{"line":112,"column":13}},"48":{"start":{"line":111,"column":16},"end":{"line":111,"column":32}},"49":{"start":{"line":119,"column":4},"end":{"line":123,"column":7}},"50":{"start":{"line":120,"column":8},"end":{"line":120,"column":40}},"51":{"start":{"line":121,"column":8},"end":{"line":121,"column":27}},"52":{"start":{"line":122,"column":8},"end":{"line":122,"column":55}},"53":{"start":{"line":128,"column":4},"end":{"line":128,"column":24}},"54":{"start":{"line":129,"column":4},"end":{"line":129,"column":35}},"55":{"start":{"line":130,"column":4},"end":{"line":130,"column":50}},"56":{"start":{"line":132,"column":4},"end":{"line":132,"column":19}},"57":{"start":{"line":135,"column":20},"end":{"line":135,"column":56}},"58":{"start":{"line":136,"column":4},"end":{"line":136,"column":29}},"59":{"start":{"line":138,"column":4},"end":{"line":138,"column":16}},"60":{"start":{"line":143,"column":4},"end":{"line":143,"column":26}},"61":{"start":{"line":144,"column":4},"end":{"line":144,"column":27}},"62":{"start":{"line":149,"column":4},"end":{"line":149,"column":14}},"63":{"start":{"line":150,"column":4},"end":{"line":150,"column":36}},"64":{"start":{"line":152,"column":4},"end":{"line":152,"column":19}},"65":{"start":{"line":154,"column":4},"end":{"line":154,"column":73}},"66":{"start":{"line":155,"column":4},"end":{"line":155,"column":75}},"67":{"start":{"line":157,"column":4},"end":{"line":157,"column":18}},"68":{"start":{"line":162,"column":25},"end":{"line":162,"column":61}},"69":{"start":{"line":163,"column":4},"end":{"line":163,"column":44}},"70":{"start":{"line":165,"column":4},"end":{"line":165,"column":19}},"71":{"start":{"line":166,"column":4},"end":{"line":166,"column":19}},"72":{"start":{"line":168,"column":0},"end":{"line":168,"column":56}}},"fnMap":{"0":{"name":"initialiseGame","decl":{"start":{"line":32,"column":9},"end":{"line":32,"column":23}},"loc":{"start":{"line":32,"column":26},"end":{"line":42,"column":1}},"line":32},"1":{"name":"createGrid","decl":{"start":{"line":47,"column":9},"end":{"line":47,"column":19}},"loc":{"start":{"line":47,"column":22},"end":{"line":57,"column":1}},"line":47},"2":{"name":"randomTarget","decl":{"start":{"line":59,"column":9},"end":{"line":59,"column":21}},"loc":{"start":{"line":59,"column":24},"end":{"line":72,"column":1}},"line":59},"3":{"name":"(anonymous_3)","decl":{"start":{"line":64,"column":18},"end":{"line":64,"column":19}},"loc":{"start":{"line":64,"column":26},"end":{"line":67,"column":5}},"line":64},"4":{"name":"clearTheIntervals","decl":{"start":{"line":74,"column":9},"end":{"line":74,"column":26}},"loc":{"start":{"line":74,"column":29},"end":{"line":78,"column":1}},"line":74},"5":{"name":"countDown","decl":{"start":{"line":80,"column":9},"end":{"line":80,"column":18}},"loc":{"start":{"line":80,"column":21},"end":{"line":89,"column":1}},"line":80},"6":{"name":"onTileClicked","decl":{"start":{"line":91,"column":9},"end":{"line":91,"column":22}},"loc":{"start":{"line":91,"column":25},"end":{"line":102,"column":1}},"line":91},"7":{"name":"isTargetHit","decl":{"start":{"line":104,"column":9},"end":{"line":104,"column":20}},"loc":{"start":{"line":104,"column":23},"end":{"line":115,"column":1}},"line":104},"8":{"name":"(anonymous_8)","decl":{"start":{"line":107,"column":18},"end":{"line":107,"column":19}},"loc":{"start":{"line":107,"column":26},"end":{"line":114,"column":5}},"line":107},"9":{"name":"(anonymous_9)","decl":{"start":{"line":108,"column":39},"end":{"line":108,"column":40}},"loc":{"start":{"line":108,"column":45},"end":{"line":113,"column":9}},"line":108},"10":{"name":"removeTarget","decl":{"start":{"line":117,"column":9},"end":{"line":117,"column":21}},"loc":{"start":{"line":117,"column":24},"end":{"line":124,"column":1}},"line":117},"11":{"name":"(anonymous_11)","decl":{"start":{"line":119,"column":18},"end":{"line":119,"column":19}},"loc":{"start":{"line":119,"column":26},"end":{"line":123,"column":5}},"line":119},"12":{"name":"resetGame","decl":{"start":{"line":126,"column":9},"end":{"line":126,"column":18}},"loc":{"start":{"line":126,"column":21},"end":{"line":139,"column":1}},"line":126},"13":{"name":"enableReplay","decl":{"start":{"line":141,"column":9},"end":{"line":141,"column":21}},"loc":{"start":{"line":141,"column":24},"end":{"line":145,"column":1}},"line":141},"14":{"name":"startGame","decl":{"start":{"line":147,"column":9},"end":{"line":147,"column":18}},"loc":{"start":{"line":147,"column":21},"end":{"line":158,"column":1}},"line":147},"15":{"name":"gameOver","decl":{"start":{"line":160,"column":9},"end":{"line":160,"column":17}},"loc":{"start":{"line":160,"column":20},"end":{"line":167,"column":1}},"line":160}},"branchMap":{"0":{"loc":{"start":{"line":85,"column":4},"end":{"line":88,"column":5}},"type":"if","locations":[{"start":{"line":85,"column":4},"end":{"line":88,"column":5}},{"start":{},"end":{}}],"line":85},"1":{"loc":{"start":{"line":110,"column":12},"end":{"line":112,"column":13}},"type":"if","locations":[{"start":{"line":110,"column":12},"end":{"line":112,"column":13}},{"start":{},"end":{}}],"line":110}},"s":{"0":1,"1":1,"2":1,"3":1,"4":1,"5":1,"6":1,"7":1,"8":1,"9":1,"10":1,"11":1,"12":1,"13":1,"14":1,"15":1,"16":1,"17":1,"18":1,"19":1,"20":1,"21":1,"22":9,"23":9,"24":9,"25":9,"26":0,"27":0,"28":0,"29":0,"30":0,"31":0,"32":0,"33":0,"34":0,"35":0,"36":0,"37":0,"38":0,"39":0,"40":0,"41":0,"42":0,"43":0,"44":0,"45":0,"46":0,"47":0,"48":0,"49":0,"50":0,"51":0,"52":0,"53":0,"54":0,"55":0,"56":0,"57":0,"58":0,"59":0,"60":0,"61":0,"62":0,"63":0,"64":0,"65":0,"66":0,"67":0,"68":0,"69":0,"70":0,"71":0,"72":1},"f":{"0":1,"1":1,"2":0,"3":0,"4":0,"5":0,"6":0,"7":0,"8":0,"9":0,"10":0,"11":0,"12":0,"13":0,"14":0,"15":0},"b":{"0":[0,0],"1":[0,0]},"_coverageSchema":"1a1c01bbd47fc00a2c39e90264f33305004495a9","hash":"99a4707cc4c293ec3d53cb691b64aec4e56cdc5c"}
}
