TN:
SF:assets/scripts/app.js
FN:32,initialiseGame
FN:47,createGrid
FN:59,randomTarget
FN:64,(anonymous_3)
FN:74,clearTheIntervals
FN:80,countDown
FN:91,onTileClicked
FN:104,isTargetHit
FN:107,(anonymous_8)
FN:108,(anonymous_9)
FN:117,removeTarget
FN:119,(anonymous_11)
FN:126,resetGame
FN:141,enableReplay
FN:147,startGame
FN:160,gameOver
FNF:16
FNH:2
FNDA:1,initialiseGame
FNDA:1,createGrid
FNDA:0,randomTarget
FNDA:0,(anonymous_3)
FNDA:0,clearTheIntervals
FNDA:0,countDown
FNDA:0,onTileClicked
FNDA:0,isTargetHit
FNDA:0,(anonymous_8)
FNDA:0,(anonymous_9)
FNDA:0,removeTarget
FNDA:0,(anonymous_11)
FNDA:0,resetGame
FNDA:0,enableReplay
FNDA:0,startGame
FNDA:0,gameOver
DA:7,1
DA:14,1
DA:15,1
DA:17,1
DA:18,1
DA:19,1
DA:20,1
DA:22,1
DA:23,1
DA:27,1
DA:28,1
DA:29,1
DA:30,1
DA:34,1
DA:35,1
DA:37,1
DA:38,1
DA:40,1
DA:41,1
DA:45,1
DA:50,1
DA:52,9
DA:53,9
DA:54,9
DA:55,9
DA:64,0
DA:66,0
DA:68,0
DA:69,0
DA:70,0
DA:71,0
DA:76,0
DA:77,0
DA:83,0
DA:84,0
DA:85,0
DA:86,0
DA:87,0
DA:93,0
DA:95,0
DA:96,0
DA:97,0
DA:100,0
DA:101,0
DA:107,0
DA:108,0
DA:110,0
DA:111,0
DA:119,0
DA:120,0
DA:121,0
DA:122,0
DA:128,0
DA:129,0
DA:130,0
DA:132,0
DA:135,0
DA:136,0
DA:138,0
DA:143,0
DA:144,0
DA:149,0
DA:150,0
DA:152,0
DA:154,0
DA:155,0
DA:157,0
DA:162,0
DA:163,0
DA:165,0
DA:166,0
DA:168,1
LF:72
LH:26
BRDA:85,0,0,0
BRDA:85,0,1,0
BRDA:110,1,0,0
BRDA:110,1,1,0
BRF:4
BRH:0
end_of_record
